nohup: ignoring input
2025-09-19 17:21:01 - Starting: LFC_1bit.ipynb
2025-09-21 13:44:31 - Finished: LFC_1bit.ipynb ✅
2025-09-21 13:44:31 - Starting: LFC_2bit.ipynb
2025-09-23 14:04:27 - Finished: LFC_2bit.ipynb ✅
2025-09-23 14:04:27 - Starting: LFC_4bit.ipynb
2025-09-25 17:07:04 - Finished: LFC_4bit.ipynb ✅
2025-09-25 17:07:04 - Starting: LFC_8bit.ipynb
2025-09-28 03:11:39 - Finished: LFC_8bit.ipynb ✅
2025-09-28 03:11:39 - Starting: LFC_BiKA.ipynb
2025-09-30 04:12:42 - Finished: LFC_BiKA.ipynb ✅
2025-09-30 04:12:42 - Starting: SFC_1bit.ipynb
2025-10-02 22:22:20 - Finished: SFC_1bit.ipynb ✅
2025-10-02 22:22:20 - Starting: SFC_2bit.ipynb
2025-10-05 11:29:38 - Finished: SFC_2bit.ipynb ✅
2025-10-05 11:29:38 - Starting: SFC_4bit.ipynb
2025-10-08 04:34:33 - Finished: SFC_4bit.ipynb ✅
2025-10-08 04:34:33 - Starting: SFC_8bit.ipynb
2025-10-12 11:05:17 - Finished: SFC_8bit.ipynb ✅
2025-10-12 11:05:17 - Starting: SFC_BiKA.ipynb
2025-10-13 20:15:27 - Finished: SFC_BiKA.ipynb ✅
2025-10-13 20:15:27 - Starting: TCV_1bit.ipynb
2025-10-21 09:00:36 - Finished: TCV_1bit.ipynb ✅
2025-10-21 09:00:36 - Starting: TCV_2bit.ipynb
2025-10-28 01:57:02 - Finished: TCV_2bit.ipynb ✅
2025-10-28 01:57:02 - Starting: TCV_4bit.ipynb
2025-10-28 13:44:40 - Error during: TCV_4bit.ipynb ❌
2025-10-28 13:44:40 - Aborting. You can rerun the script to resume from here.
 ✅
2025-10-02 22:22:20 - Starting: SFC_2bit.ipynb
[NbConvertApp] Converting notebook .//SFC_2bit.ipynb to notebook
[NbConvertApp] Writing 14651216 bytes to SFC_2bit.ipynb
2025-10-05 11:29:38 - Finished: SFC_2bit.ipynb ✅
2025-10-05 11:29:38 - Starting: SFC_4bit.ipynb
[NbConvertApp] Converting notebook .//SFC_4bit.ipynb to notebook
[NbConvertApp] Writing 14975117 bytes to SFC_4bit.ipynb
2025-10-08 04:34:33 - Finished: SFC_4bit.ipynb ✅
2025-10-08 04:34:33 - Starting: SFC_8bit.ipynb
[NbConvertApp] Converting notebook .//SFC_8bit.ipynb to notebook
[NbConvertApp] Writing 15115824 bytes to SFC_8bit.ipynb
2025-10-12 11:05:17 - Finished: SFC_8bit.ipynb ✅
2025-10-12 11:05:17 - Starting: SFC_BiKA.ipynb
[NbConvertApp] Converting notebook .//SFC_BiKA.ipynb to notebook
[NbConvertApp] Writing 15133478 bytes to SFC_BiKA.ipynb
2025-10-13 20:15:27 - Finished: SFC_BiKA.ipynb ✅
2025-10-13 20:15:27 - Starting: TCV_1bit.ipynb
[NbConvertApp] Converting notebook .//TCV_1bit.ipynb to notebook
[NbConvertApp] Writing 15267371 bytes to TCV_1bit.ipynb
2025-10-21 09:00:36 - Finished: TCV_1bit.ipynb ✅
2025-10-21 09:00:36 - Starting: TCV_2bit.ipynb
[NbConvertApp] Converting notebook .//TCV_2bit.ipynb to notebook
[NbConvertApp] Writing 15416589 bytes to TCV_2bit.ipynb
2025-10-28 01:57:02 - Finished: TCV_2bit.ipynb ✅
2025-10-28 01:57:02 - Starting: TCV_4bit.ipynb
[NbConvertApp] Converting notebook .//TCV_4bit.ipynb to notebook
[NbConvertApp] ERROR | Kernel died while waiting for execute reply.
Traceback (most recent call last):
  File "/home/yuhao/anaconda3/envs/brevitas/bin/jupyter-nbconvert", line 11, in <module>
    sys.exit(main())
  File "/home/yuhao/anaconda3/envs/brevitas/lib/python3.9/site-packages/jupyter_core/application.py", line 283, in launch_instance
    super().launch_instance(argv=argv, **kwargs)
  File "/home/yuhao/anaconda3/envs/brevitas/lib/python3.9/site-packages/traitlets/config/application.py", line 1075, in launch_instance
    app.start()
  File "/home/yuhao/anaconda3/envs/brevitas/lib/python3.9/site-packages/nbconvert/nbconvertapp.py", line 420, in start
    self.convert_notebooks()
  File "/home/yuhao/anaconda3/envs/brevitas/lib/python3.9/site-packages/nbconvert/nbconvertapp.py", line 597, in convert_notebooks
    self.convert_single_notebook(notebook_filename)
  File "/home/yuhao/anaconda3/envs/brevitas/lib/python3.9/site-packages/nbconvert/nbconvertapp.py", line 563, in convert_single_notebook
    output, resources = self.export_single_notebook(
  File "/home/yuhao/anaconda3/envs/brevitas/lib/python3.9/site-packages/nbconvert/nbconvertapp.py", line 487, in export_single_notebook
    output, resources = self.exporter.from_filename(
  File "/home/yuhao/anaconda3/envs/brevitas/lib/python3.9/site-packages/nbconvert/exporters/exporter.py", line 201, in from_filename
    return self.from_file(f, resources=resources, **kw)
  File "/home/yuhao/anaconda3/envs/brevitas/lib/python3.9/site-packages/nbconvert/exporters/exporter.py", line 220, in from_file
    return self.from_notebook_node(
  File "/home/yuhao/anaconda3/envs/brevitas/lib/python3.9/site-packages/nbconvert/exporters/notebook.py", line 36, in from_notebook_node
    nb_copy, resources = super().from_notebook_node(nb, resources, **kw)
  File "/home/yuhao/anaconda3/envs/brevitas/lib/python3.9/site-packages/nbconvert/exporters/exporter.py", line 154, in from_notebook_node
    nb_copy, resources = self._preprocess(nb_copy, resources)
  File "/home/yuhao/anaconda3/envs/brevitas/lib/python3.9/site-packages/nbconvert/exporters/exporter.py", line 353, in _preprocess
    nbc, resc = preprocessor(nbc, resc)
  File "/home/yuhao/anaconda3/envs/brevitas/lib/python3.9/site-packages/nbconvert/preprocessors/base.py", line 48, in __call__
    return self.preprocess(nb, resources)
  File "/home/yuhao/anaconda3/envs/brevitas/lib/python3.9/site-packages/nbconvert/preprocessors/execute.py", line 103, in preprocess
    self.preprocess_cell(cell, resources, index)
  File "/home/yuhao/anaconda3/envs/brevitas/lib/python3.9/site-packages/nbconvert/preprocessors/execute.py", line 124, in preprocess_cell
    cell = self.execute_cell(cell, index, store_history=True)
  File "/home/yuhao/anaconda3/envs/brevitas/lib/python3.9/site-packages/jupyter_core/utils/__init__.py", line 165, in wrapped
    return loop.run_until_complete(inner)
  File "/home/yuhao/anaconda3/envs/brevitas/lib/python3.9/asyncio/base_events.py", line 647, in run_until_complete
    return future.result()
  File "/home/yuhao/anaconda3/envs/brevitas/lib/python3.9/site-packages/nbclient/client.py", line 1005, in async_execute_cell
    raise DeadKernelError("Kernel died") from None
nbclient.exceptions.DeadKernelError: Kernel died
2025-10-28 13:44:40 - Error during: TCV_4bit.ipynb ❌
2025-10-28 13:44:40 - Aborting. You can rerun the script to resume from here.
2025-10-28 13:44:40 - Script interrupted or crashed.
